Started at Mon Oct 04 16:29:04 UTC 2021
Processing Backup_Jenkins_Volume
Offering Backup_Jenkins_Volume to Project Build Discarder
Processing Copy_Kubectl
Offering Copy_Kubectl to Project Build Discarder
Processing Create_PodScale
Offering Create_PodScale to Project Build Discarder
Processing Create_PVC
Offering Create_PVC to Project Build Discarder
Processing Create_TKG_Cluster
Offering Create_TKG_Cluster to Project Build Discarder
Processing Create_WCP_NS
Offering Create_WCP_NS to Project Build Discarder
Processing MountPvc
Offering MountPvc to Project Build Discarder
Processing VMC_WCP_TKG_SCALE_PIPELINE
Offering VMC_WCP_TKG_SCALE_PIPELINE to Project Build Discarder
Finished at Mon Oct 04 16:29:04 UTC 2021. 2ms
Started at Mon Oct 04 17:29:04 UTC 2021
Processing Backup_Jenkins_Volume
Offering Backup_Jenkins_Volume to Project Build Discarder
Processing Copy_Kubectl
Offering Copy_Kubectl to Project Build Discarder
Processing Create_PodScale
Offering Create_PodScale to Project Build Discarder
Processing Create_PVC
Offering Create_PVC to Project Build Discarder
Processing Create_TKG_Cluster
Offering Create_TKG_Cluster to Project Build Discarder
Processing Create_WCP_NS
Offering Create_WCP_NS to Project Build Discarder
Processing MountPvc
Offering MountPvc to Project Build Discarder
Processing VMC_WCP_TKG_SCALE_PIPELINE
Offering VMC_WCP_TKG_SCALE_PIPELINE to Project Build Discarder
Finished at Mon Oct 04 17:29:04 UTC 2021. 1ms
Started at Mon Oct 04 18:29:04 UTC 2021
Processing Backup_Jenkins_Volume
Offering Backup_Jenkins_Volume to Project Build Discarder
Processing Copy_Kubectl
Offering Copy_Kubectl to Project Build Discarder
Processing Create_PodScale
Offering Create_PodScale to Project Build Discarder
Processing Create_PVC
Offering Create_PVC to Project Build Discarder
Processing Create_TKG_Cluster
Offering Create_TKG_Cluster to Project Build Discarder
Processing Create_WCP_NS
Offering Create_WCP_NS to Project Build Discarder
Processing MountPvc
Offering MountPvc to Project Build Discarder
Processing VMC_WCP_TKG_SCALE_PIPELINE
Offering VMC_WCP_TKG_SCALE_PIPELINE to Project Build Discarder
Finished at Mon Oct 04 18:29:04 UTC 2021. 2ms
Started at Mon Oct 04 19:29:04 UTC 2021
Processing Backup_Jenkins_Volume
Offering Backup_Jenkins_Volume to Project Build Discarder
Processing Copy_Kubectl
Offering Copy_Kubectl to Project Build Discarder
Processing Create_PodScale
Offering Create_PodScale to Project Build Discarder
Processing Create_PVC
Offering Create_PVC to Project Build Discarder
Processing Create_TKG_Cluster
Offering Create_TKG_Cluster to Project Build Discarder
Processing Create_WCP_NS
Offering Create_WCP_NS to Project Build Discarder
Processing MountPvc
Offering MountPvc to Project Build Discarder
Processing VMC_WCP_TKG_SCALE_PIPELINE
Offering VMC_WCP_TKG_SCALE_PIPELINE to Project Build Discarder
Finished at Mon Oct 04 19:29:04 UTC 2021. 2ms
Started at Mon Oct 04 20:29:04 UTC 2021
Processing Backup_Jenkins_Volume
Offering Backup_Jenkins_Volume to Project Build Discarder
Processing Copy_Kubectl
Offering Copy_Kubectl to Project Build Discarder
Processing Create_PodScale
Offering Create_PodScale to Project Build Discarder
Processing Create_PVC
Offering Create_PVC to Project Build Discarder
Processing Create_TKG_Cluster
Offering Create_TKG_Cluster to Project Build Discarder
Processing Create_WCP_NS
Offering Create_WCP_NS to Project Build Discarder
Processing MountPvc
Offering MountPvc to Project Build Discarder
Processing VMC_WCP_TKG_SCALE_PIPELINE
Offering VMC_WCP_TKG_SCALE_PIPELINE to Project Build Discarder
Finished at Mon Oct 04 20:29:04 UTC 2021. 2ms
Started at Mon Oct 04 21:29:04 UTC 2021
Processing Backup_Jenkins_Volume
Offering Backup_Jenkins_Volume to Project Build Discarder
Processing Copy_Kubectl
Offering Copy_Kubectl to Project Build Discarder
Processing Create_PodScale
Offering Create_PodScale to Project Build Discarder
Processing Create_PVC
Offering Create_PVC to Project Build Discarder
Processing Create_TKG_Cluster
Offering Create_TKG_Cluster to Project Build Discarder
Processing Create_WCP_NS
Offering Create_WCP_NS to Project Build Discarder
Processing MountPvc
Offering MountPvc to Project Build Discarder
Processing VMC_WCP_TKG_SCALE_PIPELINE
Offering VMC_WCP_TKG_SCALE_PIPELINE to Project Build Discarder
Finished at Mon Oct 04 21:29:04 UTC 2021. 2ms
Started at Mon Oct 04 22:29:04 UTC 2021
Processing Backup_Jenkins_Volume
Offering Backup_Jenkins_Volume to Project Build Discarder
Processing Copy_Kubectl
Offering Copy_Kubectl to Project Build Discarder
Processing Create_PodScale
Offering Create_PodScale to Project Build Discarder
Processing Create_PVC
Offering Create_PVC to Project Build Discarder
Processing Create_TKG_Cluster
Offering Create_TKG_Cluster to Project Build Discarder
Processing Create_WCP_NS
Offering Create_WCP_NS to Project Build Discarder
Processing MountPvc
Offering MountPvc to Project Build Discarder
Processing VMC_WCP_TKG_SCALE_PIPELINE
Offering VMC_WCP_TKG_SCALE_PIPELINE to Project Build Discarder
Finished at Mon Oct 04 22:29:04 UTC 2021. 2ms
Started at Mon Oct 04 23:29:04 UTC 2021
Processing Backup_Jenkins_Volume
Offering Backup_Jenkins_Volume to Project Build Discarder
Processing Copy_Kubectl
Offering Copy_Kubectl to Project Build Discarder
Processing Create_PodScale
Offering Create_PodScale to Project Build Discarder
Processing Create_PVC
Offering Create_PVC to Project Build Discarder
Processing Create_TKG_Cluster
Offering Create_TKG_Cluster to Project Build Discarder
Processing Create_WCP_NS
Offering Create_WCP_NS to Project Build Discarder
Processing MountPvc
Offering MountPvc to Project Build Discarder
Processing VMC_WCP_TKG_SCALE_PIPELINE
Offering VMC_WCP_TKG_SCALE_PIPELINE to Project Build Discarder
Finished at Mon Oct 04 23:29:04 UTC 2021. 2ms
Started at Tue Oct 05 00:29:04 UTC 2021
Processing Backup_Jenkins_Volume
Offering Backup_Jenkins_Volume to Project Build Discarder
Processing Copy_Kubectl
Offering Copy_Kubectl to Project Build Discarder
Processing Create_PodScale
Offering Create_PodScale to Project Build Discarder
Processing Create_PVC
Offering Create_PVC to Project Build Discarder
Processing Create_TKG_Cluster
Offering Create_TKG_Cluster to Project Build Discarder
Processing Create_WCP_NS
Offering Create_WCP_NS to Project Build Discarder
Processing MountPvc
Offering MountPvc to Project Build Discarder
Processing VMC_WCP_TKG_SCALE_PIPELINE
Offering VMC_WCP_TKG_SCALE_PIPELINE to Project Build Discarder
Finished at Tue Oct 05 00:29:04 UTC 2021. 2ms
Started at Tue Oct 05 01:29:04 UTC 2021
Processing Backup_Jenkins_Volume
Offering Backup_Jenkins_Volume to Project Build Discarder
Processing Copy_Kubectl
Offering Copy_Kubectl to Project Build Discarder
Processing Create_PodScale
Offering Create_PodScale to Project Build Discarder
Processing Create_PVC
Offering Create_PVC to Project Build Discarder
Processing Create_TKG_Cluster
Offering Create_TKG_Cluster to Project Build Discarder
Processing Create_WCP_NS
Offering Create_WCP_NS to Project Build Discarder
Processing MountPvc
Offering MountPvc to Project Build Discarder
Processing VMC_WCP_TKG_SCALE_PIPELINE
Offering VMC_WCP_TKG_SCALE_PIPELINE to Project Build Discarder
Finished at Tue Oct 05 01:29:04 UTC 2021. 2ms
Started at Tue Oct 05 02:29:04 UTC 2021
Processing Backup_Jenkins_Volume
Offering Backup_Jenkins_Volume to Project Build Discarder
Processing Copy_Kubectl
Offering Copy_Kubectl to Project Build Discarder
Processing Create_PodScale
Offering Create_PodScale to Project Build Discarder
Processing Create_PVC
Offering Create_PVC to Project Build Discarder
Processing Create_TKG_Cluster
Offering Create_TKG_Cluster to Project Build Discarder
Processing Create_WCP_NS
Offering Create_WCP_NS to Project Build Discarder
Processing MountPvc
Offering MountPvc to Project Build Discarder
Processing VMC_WCP_TKG_SCALE_PIPELINE
Offering VMC_WCP_TKG_SCALE_PIPELINE to Project Build Discarder
Finished at Tue Oct 05 02:29:04 UTC 2021. 2ms
Started at Tue Oct 05 03:29:04 UTC 2021
Processing Backup_Jenkins_Volume
Offering Backup_Jenkins_Volume to Project Build Discarder
Processing Copy_Kubectl
Offering Copy_Kubectl to Project Build Discarder
Processing Create_PodScale
Offering Create_PodScale to Project Build Discarder
Processing Create_PVC
Offering Create_PVC to Project Build Discarder
Processing Create_TKG_Cluster
Offering Create_TKG_Cluster to Project Build Discarder
Processing Create_WCP_NS
Offering Create_WCP_NS to Project Build Discarder
Processing MountPvc
Offering MountPvc to Project Build Discarder
Processing VMC_WCP_TKG_SCALE_PIPELINE
Offering VMC_WCP_TKG_SCALE_PIPELINE to Project Build Discarder
Finished at Tue Oct 05 03:29:04 UTC 2021. 3ms
